<?xml version="1.0" encoding="UTF-8" ?>
<testsuite errors="0" failures="0" hostname="albis-AO756" name="palikat.PalikkaTest" tests="4" time="0.105" timestamp="2013-01-22T16:26:22">
  <properties>
[...]
</properties>
  <testcase classname="palikat.PalikkaTest" name="palikanAsentoAlussaNolla" time="0.0090" />
  <testcase classname="palikat.PalikkaTest" name="palikanRuudutTaynna" time="0.0" />
  <testcase classname="palikat.PalikkaTest" name="palikkaEiKaannyJosEiMahdu" time="0.0020" />
  <testcase classname="palikat.PalikkaTest" name="asentoMuuttuuKaantyessa" time="0.0010" />
  <system-out><![CDATA[]]></system-out>
  <system-err><![CDATA[]]></system-err>
</testsuite>
